[INFO] Scanning for projects...
[INFO] 
[INFO] --------------------------< com.tanks:server >--------------------------
[INFO] Building server 0.0.1-SNAPSHOT
[INFO]   from pom.xml
[INFO] --------------------------------[ jar ]---------------------------------
[INFO] 
[INFO] >>> spring-boot:4.0.6:run (default-cli) > test-compile @ server >>>
[INFO] 
[INFO] --- resources:3.3.1:resources (default-resources) @ server ---
[INFO] Copying 3 resources from src\main\resources to target\classes
[INFO] Copying 3 resources from src\main\resources to target\classes
[INFO] 
[INFO] --- compiler:3.14.1:compile (default-compile) @ server ---
[INFO] Nothing to compile - all classes are up to date.
[INFO] 
[INFO] --- resources:3.3.1:testResources (default-testResources) @ server ---
[INFO] skip non existing resourceDirectory C:\Users\Dave2swag\Desktop\projects\websockets\tanks\server\src\test\resources
[INFO] 
[INFO] --- compiler:3.14.1:testCompile (default-testCompile) @ server ---
[INFO] Nothing to compile - all classes are up to date.
[INFO] 
[INFO] <<< spring-boot:4.0.6:run (default-cli) < test-compile @ server <<<
[INFO] 
[INFO] 
[INFO] --- spring-boot:4.0.6:run (default-cli) @ server ---
[INFO] Attaching agents: []

  .   ____          _            __ _ _
 /\\ / ___'_ __ _ _(_)_ __  __ _ \ \ \ \
( ( )\___ | '_ | '_| | '_ \/ _` | \ \ \ \
 \\/  ___)| |_)| | | | | || (_| |  ) ) ) )
  '  |____| .__|_| |_|_| |_\__, | / / / /
 =========|_|==============|___/=/_/_/_/

 :: Spring Boot ::                (v4.0.6)

2026-05-28T14:01:25.120+03:00  INFO 16896 --- [server] [  restartedMain] com.tanks.server.ServerApplication       : Starting ServerApplication using Java 25.0.2 with PID 16896 (C:\Users\Dave2swag\Desktop\projects\websockets\tanks\server\target\classes started by David.I in C:\Users\Dave2swag\Desktop\projects\websockets\tanks\server)
2026-05-28T14:01:25.127+03:00  INFO 16896 --- [server] [  restartedMain] com.tanks.server.ServerApplication       : The following 2 profiles are active: "local", "dev"
2026-05-28T14:01:25.242+03:00  INFO 16896 --- [server] [  restartedMain] .e.DevToolsPropertyDefaultsPostProcessor : Devtools property defaults active! Set 'spring.devtools.add-properties' to 'false' to disable
2026-05-28T14:01:25.242+03:00  INFO 16896 --- [server] [  restartedMain] .e.DevToolsPropertyDefaultsPostProcessor : For additional web related logging consider setting the 'logging.level.web' property to 'DEBUG'
